{"/app/src/controllers/feedbackController.js": {"path":"/app/src/controllers/feedbackController.js","statementMap":{"0":{"start":{"line":3,"column":27},"end":{"line":8,"column":1}},"1":{"start":{"line":4,"column":18},"end":{"line":4,"column":83}},"2":{"start":{"line":5,"column":19},"end":{"line":5,"column":57}},"3":{"start":{"line":7,"column":4},"end":{"line":7,"column":26}},"4":{"start":{"line":10,"column":30},"end":{"line":15,"column":1}},"5":{"start":{"line":11,"column":18},"end":{"line":11,"column":43}},"6":{"start":{"line":12,"column":19},"end":{"line":12,"column":42}},"7":{"start":{"line":14,"column":4},"end":{"line":14,"column":23}},"8":{"start":{"line":17,"column":37},"end":{"line":22,"column":1}},"9":{"start":{"line":18,"column":18},"end":{"line":18,"column":70}},"10":{"start":{"line":19,"column":19},"end":{"line":19,"column":51}},"11":{"start":{"line":21,"column":4},"end":{"line":21,"column":18}}},"fnMap":{"0":{"name":"(anonymous_0)","decl":{"start":{"line":3,"column":27},"end":{"line":3,"column":28}},"loc":{"start":{"line":3,"column":50},"end":{"line":8,"column":1}},"line":3},"1":{"name":"(anonymous_1)","decl":{"start":{"line":10,"column":30},"end":{"line":10,"column":31}},"loc":{"start":{"line":10,"column":42},"end":{"line":15,"column":1}},"line":10},"2":{"name":"(anonymous_2)","decl":{"start":{"line":17,"column":37},"end":{"line":17,"column":38}},"loc":{"start":{"line":17,"column":54},"end":{"line":22,"column":1}},"line":17}},"branchMap":{},"s":{"0":1,"1":1,"2":1,"3":1,"4":1,"5":1,"6":1,"7":1,"8":1,"9":2,"10":2,"11":2},"f":{"0":1,"1":1,"2":2},"b":{},"_coverageSchema":"1a1c01bbd47fc00a2c39e90264f33305004495a9","hash":"f80669650d51fc87dae651eddda29a567a300822"}
,"/app/src/middleware/errorHandler.js": {"path":"/app/src/middleware/errorHandler.js","statementMap":{"0":{"start":{"line":1,"column":28},"end":{"line":4,"column":1}},"1":{"start":{"line":2,"column":4},"end":{"line":2,"column":29}},"2":{"start":{"line":3,"column":4},"end":{"line":3,"column":61}}},"fnMap":{"0":{"name":"(anonymous_0)","decl":{"start":{"line":1,"column":28},"end":{"line":1,"column":29}},"loc":{"start":{"line":1,"column":53},"end":{"line":4,"column":1}},"line":1}},"branchMap":{},"s":{"0":1,"1":1,"2":1},"f":{"0":1},"b":{},"_coverageSchema":"1a1c01bbd47fc00a2c39e90264f33305004495a9","hash":"60856679bf8e4fdf0e0008601dc3f9f0b845e187"}
,"/app/src/middleware/validation.js": {"path":"/app/src/middleware/validation.js","statementMap":{"0":{"start":{"line":3,"column":34},"end":{"line":13,"column":1}},"1":{"start":{"line":7,"column":23},"end":{"line":7,"column":44}},"2":{"start":{"line":8,"column":8},"end":{"line":10,"column":9}},"3":{"start":{"line":9,"column":12},"end":{"line":9,"column":68}},"4":{"start":{"line":11,"column":8},"end":{"line":11,"column":15}}},"fnMap":{"0":{"name":"(anonymous_0)","decl":{"start":{"line":6,"column":4},"end":{"line":6,"column":5}},"loc":{"start":{"line":6,"column":24},"end":{"line":12,"column":5}},"line":6}},"branchMap":{"0":{"loc":{"start":{"line":8,"column":8},"end":{"line":10,"column":9}},"type":"if","locations":[{"start":{"line":8,"column":8},"end":{"line":10,"column":9}},{"start":{},"end":{}}],"line":8}},"s":{"0":2,"1":3,"2":3,"3":1,"4":2},"f":{"0":3},"b":{"0":[1,2]},"_coverageSchema":"1a1c01bbd47fc00a2c39e90264f33305004495a9","hash":"065a8bfe4525f7958082132fd9f41285dcfeff97"}
,"/app/src/routes/feedbackRoutes.js": {"path":"/app/src/routes/feedbackRoutes.js","statementMap":{"0":{"start":{"line":6,"column":23},"end":{"line":6,"column":39}},"1":{"start":{"line":9,"column":0},"end":{"line":19,"column":3}},"2":{"start":{"line":11,"column":4},"end":{"line":17,"column":5}},"3":{"start":{"line":12,"column":32},"end":{"line":12,"column":40}},"4":{"start":{"line":13,"column":28},"end":{"line":13,"column":58}},"5":{"start":{"line":14,"column":8},"end":{"line":14,"column":80}},"6":{"start":{"line":16,"column":8},"end":{"line":16,"column":63}},"7":{"start":{"line":22,"column":0},"end":{"line":32,"column":3}},"8":{"start":{"line":24,"column":4},"end":{"line":30,"column":5}},"9":{"start":{"line":25,"column":25},"end":{"line":25,"column":47}},"10":{"start":{"line":26,"column":8},"end":{"line":26,"column":70}},"11":{"start":{"line":29,"column":8},"end":{"line":29,"column":59}},"12":{"start":{"line":35,"column":0},"end":{"line":48,"column":3}},"13":{"start":{"line":37,"column":4},"end":{"line":47,"column":5}},"14":{"start":{"line":38,"column":26},"end":{"line":38,"column":36}},"15":{"start":{"line":40,"column":23},"end":{"line":40,"column":57}},"16":{"start":{"line":41,"column":8},"end":{"line":43,"column":9}},"17":{"start":{"line":42,"column":12},"end":{"line":42,"column":67}},"18":{"start":{"line":44,"column":8},"end":{"line":44,"column":66}},"19":{"start":{"line":46,"column":8},"end":{"line":46,"column":62}}},"fnMap":{"0":{"name":"(anonymous_0)","decl":{"start":{"line":9,"column":53},"end":{"line":9,"column":54}},"loc":{"start":{"line":9,"column":73},"end":{"line":19,"column":1}},"line":9},"1":{"name":"(anonymous_1)","decl":{"start":{"line":22,"column":32},"end":{"line":22,"column":33}},"loc":{"start":{"line":22,"column":52},"end":{"line":32,"column":1}},"line":22},"2":{"name":"(anonymous_2)","decl":{"start":{"line":35,"column":42},"end":{"line":35,"column":43}},"loc":{"start":{"line":35,"column":62},"end":{"line":48,"column":1}},"line":35}},"branchMap":{"0":{"loc":{"start":{"line":41,"column":8},"end":{"line":43,"column":9}},"type":"if","locations":[{"start":{"line":41,"column":8},"end":{"line":43,"column":9}},{"start":{},"end":{}}],"line":41}},"s":{"0":1,"1":1,"2":1,"3":1,"4":1,"5":1,"6":0,"7":1,"8":1,"9":1,"10":1,"11":0,"12":1,"13":2,"14":2,"15":2,"16":2,"17":1,"18":1,"19":0},"f":{"0":1,"1":1,"2":2},"b":{"0":[1,1]},"_coverageSchema":"1a1c01bbd47fc00a2c39e90264f33305004495a9","hash":"b2967455476bcf6cef9d1338d4706fddf565eb88"}
,"/app/src/utils/responseHelper.js": {"path":"/app/src/utils/responseHelper.js","statementMap":{"0":{"start":{"line":1,"column":27},"end":{"line":3,"column":1}},"1":{"start":{"line":2,"column":4},"end":{"line":2,"column":51}},"2":{"start":{"line":5,"column":25},"end":{"line":7,"column":1}},"3":{"start":{"line":6,"column":4},"end":{"line":6,"column":43}}},"fnMap":{"0":{"name":"(anonymous_0)","decl":{"start":{"line":1,"column":27},"end":{"line":1,"column":28}},"loc":{"start":{"line":1,"column":94},"end":{"line":3,"column":1}},"line":1},"1":{"name":"(anonymous_1)","decl":{"start":{"line":5,"column":25},"end":{"line":5,"column":26}},"loc":{"start":{"line":5,"column":59},"end":{"line":7,"column":1}},"line":5}},"branchMap":{"0":{"loc":{"start":{"line":1,"column":39},"end":{"line":1,"column":71}},"type":"default-arg","locations":[{"start":{"line":1,"column":49},"end":{"line":1,"column":71}}],"line":1},"1":{"loc":{"start":{"line":1,"column":73},"end":{"line":1,"column":89}},"type":"default-arg","locations":[{"start":{"line":1,"column":86},"end":{"line":1,"column":89}}],"line":1},"2":{"loc":{"start":{"line":5,"column":38},"end":{"line":5,"column":54}},"type":"default-arg","locations":[{"start":{"line":5,"column":51},"end":{"line":5,"column":54}}],"line":5}},"s":{"0":2,"1":4,"2":2,"3":2},"f":{"0":4,"1":2},"b":{"0":[1],"1":[3],"2":[0]},"_coverageSchema":"1a1c01bbd47fc00a2c39e90264f33305004495a9","hash":"505119fd5b2a41b0b59c6b9f25ee797e1e7378c2"}
}
