TN:
SF:__test__\feedback-app\src\controllers\feedbackController.js
FN:3,(anonymous_0)
FN:10,(anonymous_1)
FN:17,(anonymous_2)
FNF:3
FNH:3
FNDA:1,(anonymous_0)
FNDA:1,(anonymous_1)
FNDA:2,(anonymous_2)
DA:3,1
DA:4,1
DA:5,1
DA:7,1
DA:10,1
DA:11,1
DA:12,1
DA:14,1
DA:17,1
DA:18,2
DA:19,2
DA:21,2
LF:12
LH:12
BRF:0
BRH:0
end_of_record
TN:
SF:__test__\feedback-app\src\middleware\errorHandler.js
FN:1,(anonymous_0)
FNF:1
FNH:1
FNDA:1,(anonymous_0)
DA:1,1
DA:2,1
DA:3,1
LF:3
LH:3
BRF:0
BRH:0
end_of_record
TN:
SF:__test__\feedback-app\src\middleware\validation.js
FN:6,(anonymous_0)
FNF:1
FNH:1
FNDA:4,(anonymous_0)
DA:3,2
DA:7,4
DA:8,4
DA:9,1
DA:11,3
LF:5
LH:5
BRDA:8,0,0,1
BRDA:8,0,1,3
BRF:2
BRH:2
end_of_record
TN:
SF:__test__\feedback-app\src\routes\feedbackRoutes.js
FN:9,(anonymous_0)
FN:22,(anonymous_1)
FN:35,(anonymous_2)
FNF:3
FNH:3
FNDA:2,(anonymous_0)
FNDA:2,(anonymous_1)
FNDA:3,(anonymous_2)
DA:6,1
DA:9,1
DA:11,2
DA:12,2
DA:13,2
DA:14,1
DA:16,1
DA:22,1
DA:24,2
DA:25,2
DA:26,1
DA:29,1
DA:35,1
DA:37,3
DA:38,3
DA:40,3
DA:41,2
DA:42,1
DA:44,1
DA:46,1
LF:20
LH:20
BRDA:41,0,0,1
BRDA:41,0,1,1
BRF:2
BRH:2
end_of_record
TN:
SF:__test__\feedback-app\src\utils\responseHelper.js
FN:1,(anonymous_0)
FN:5,(anonymous_1)
FNF:2
FNH:2
FNDA:4,(anonymous_0)
FNDA:5,(anonymous_1)
DA:1,2
DA:2,4
DA:5,2
DA:6,5
LF:4
LH:4
BRDA:1,0,0,1
BRDA:1,1,0,3
BRDA:5,2,0,3
BRF:3
BRH:3
end_of_record
TN:
SF:src\controllers\feedbackController.js
FN:3,(anonymous_0)
FN:10,(anonymous_1)
FN:17,(anonymous_2)
FNF:3
FNH:3
FNDA:1,(anonymous_0)
FNDA:1,(anonymous_1)
FNDA:2,(anonymous_2)
DA:3,1
DA:4,1
DA:5,1
DA:7,1
DA:10,1
DA:11,1
DA:12,1
DA:14,1
DA:17,1
DA:18,2
DA:19,2
DA:21,2
LF:12
LH:12
BRF:0
BRH:0
end_of_record
TN:
SF:src\middleware\errorHandler.js
FN:1,(anonymous_0)
FNF:1
FNH:1
FNDA:1,(anonymous_0)
DA:1,1
DA:2,1
DA:3,1
LF:3
LH:3
BRF:0
BRH:0
end_of_record
TN:
SF:src\middleware\validation.js
FN:6,(anonymous_0)
FNF:1
FNH:1
FNDA:4,(anonymous_0)
DA:3,2
DA:7,4
DA:8,4
DA:9,1
DA:11,3
LF:5
LH:5
BRDA:8,0,0,1
BRDA:8,0,1,3
BRF:2
BRH:2
end_of_record
TN:
SF:src\routes\feedbackRoutes.js
FN:9,(anonymous_0)
FN:22,(anonymous_1)
FN:35,(anonymous_2)
FNF:3
FNH:3
FNDA:2,(anonymous_0)
FNDA:2,(anonymous_1)
FNDA:3,(anonymous_2)
DA:6,1
DA:9,1
DA:11,2
DA:12,2
DA:13,2
DA:14,1
DA:16,1
DA:22,1
DA:24,2
DA:25,2
DA:26,1
DA:29,1
DA:35,1
DA:37,3
DA:38,3
DA:40,3
DA:41,2
DA:42,1
DA:44,1
DA:46,1
LF:20
LH:20
BRDA:41,0,0,1
BRDA:41,0,1,1
BRF:2
BRH:2
end_of_record
TN:
SF:src\utils\responseHelper.js
FN:1,(anonymous_0)
FN:5,(anonymous_1)
FNF:2
FNH:2
FNDA:4,(anonymous_0)
FNDA:5,(anonymous_1)
DA:1,2
DA:2,4
DA:5,2
DA:6,5
LF:4
LH:4
BRDA:1,0,0,1
BRDA:1,1,0,3
BRDA:5,2,0,3
BRF:3
BRH:3
end_of_record
